# JRE version: OpenJDK Runtime Environment (8.0_152-b02) (build 1.8.0_152-release-1024-b02)
# Java VM: OpenJDK 64-Bit Server VM (25.152-b02 mixed mode windows-amd64 compressed oops)
Heap:
 PSYoungGen      total 423936K, used 31167K [0x00000000e0000000, 0x00000000ff400000, 0x0000000100000000)
  eden space 371712K, 8% used [0x00000000e0000000,0x00000000e1e6fe88,0x00000000f6b00000)
  from space 52224K, 0% used [0x00000000fc100000,0x00000000fc100000,0x00000000ff400000)
  to   space 64000K, 0% used [0x00000000f7700000,0x00000000f7700000,0x00000000fb580000)
 ParOldGen       total 187392K, used 63238K [0x00000000a0000000, 0x00000000ab700000, 0x00000000e0000000)
  object space 187392K, 33% used [0x00000000a0000000,0x00000000a3dc1820,0x00000000ab700000)
 Metaspace       used 96779K, capacity 99273K, committed 99456K, reserved 1136640K
  class space    used 11297K, capacity 12032K, committed 12160K, reserved 1048576K
GC Heap History (10 events):
Event: 538.882 GC heap before
{Heap before GC invocations=19 (full 4):
 PSYoungGen      total 319488K, used 294741K [0x00000000e0000000, 0x00000000f6980000, 0x0000000100000000)
  eden space 271872K, 100% used [0x00000000e0000000,0x00000000f0980000,0x00000000f0980000)
  from space 47616K, 48% used [0x00000000f3b00000,0x00000000f51555e8,0x00000000f6980000)
  to   space 49152K, 0% used [0x00000000f0980000,0x00000000f0980000,0x00000000f3980000)
 ParOldGen       total 138240K, used 87563K [0x00000000a0000000, 0x00000000a8700000, 0x00000000e0000000)
  object space 138240K, 63% used [0x00000000a0000000,0x00000000a5582d00,0x00000000a8700000)
 Metaspace       used 78464K, capacity 80379K, committed 80512K, reserved 1120256K
  class space    used 9227K, capacity 9827K, committed 9856K, reserved 1048576K
Event: 538.982 GC heap after
Heap after GC invocations=19 (full 4):
 PSYoungGen      total 321024K, used 47402K [0x00000000e0000000, 0x00000000fbd80000, 0x0000000100000000)
  eden space 271872K, 0% used [0x00000000e0000000,0x00000000e0000000,0x00000000f0980000)
  from space 49152K, 96% used [0x00000000f0980000,0x00000000f37caad8,0x00000000f3980000)
  to   space 55808K, 0% used [0x00000000f8700000,0x00000000f8700000,0x00000000fbd80000)
 ParOldGen       total 138240K, used 104412K [0x00000000a0000000, 0x00000000a8700000, 0x00000000e0000000)
  object space 138240K, 75% used [0x00000000a0000000,0x00000000a65f7260,0x00000000a8700000)
 Metaspace       used 78464K, capacity 80379K, committed 80512K, reserved 1120256K
  class space    used 9227K, capacity 9827K, committed 9856K, reserved 1048576K
}
Event: 654.285 GC heap before
{Heap before GC invocations=20 (full 4):
 PSYoungGen      total 321024K, used 319274K [0x00000000e0000000, 0x00000000fbd80000, 0x0000000100000000)
  eden space 271872K, 100% used [0x00000000e0000000,0x00000000f0980000,0x00000000f0980000)
  from space 49152K, 96% used [0x00000000f0980000,0x00000000f37caad8,0x00000000f3980000)
  to   space 55808K, 0% used [0x00000000f8700000,0x00000000f8700000,0x00000000fbd80000)
 ParOldGen       total 138240K, used 104412K [0x00000000a0000000, 0x00000000a8700000, 0x00000000e0000000)
  object space 138240K, 75% used [0x00000000a0000000,0x00000000a65f7260,0x00000000a8700000)
 Metaspace       used 83278K, capacity 85405K, committed 85632K, reserved 1124352K
  class space    used 9744K, capacity 10362K, committed 10368K, reserved 1048576K
Event: 654.332 GC heap after
Heap after GC invocations=20 (full 4):
 PSYoungGen      total 377856K, used 31230K [0x00000000e0000000, 0x00000000fb200000, 0x0000000100000000)
  eden space 333824K, 0% used [0x00000000e0000000,0x00000000e0000000,0x00000000f4600000)
  from space 44032K, 70% used [0x00000000f8700000,0x00000000fa57fa48,0x00000000fb200000)
  to   space 55296K, 0% used [0x00000000f4600000,0x00000000f4600000,0x00000000f7c00000)
 ParOldGen       total 138240K, used 104420K [0x00000000a0000000, 0x00000000a8700000, 0x00000000e0000000)
  object space 138240K, 75% used [0x00000000a0000000,0x00000000a65f9260,0x00000000a8700000)
 Metaspace       used 83278K, capacity 85405K, committed 85632K, reserved 1124352K
  class space    used 9744K, capacity 10362K, committed 10368K, reserved 1048576K
}
Event: 662.845 GC heap before
{Heap before GC invocations=21 (full 4):
 PSYoungGen      total 377856K, used 365054K [0x00000000e0000000, 0x00000000fb200000, 0x0000000100000000)
  eden space 333824K, 100% used [0x00000000e0000000,0x00000000f4600000,0x00000000f4600000)
  from space 44032K, 70% used [0x00000000f8700000,0x00000000fa57fa48,0x00000000fb200000)
  to   space 55296K, 0% used [0x00000000f4600000,0x00000000f4600000,0x00000000f7c00000)
 ParOldGen       total 138240K, used 104420K [0x00000000a0000000, 0x00000000a8700000, 0x00000000e0000000)
  object space 138240K, 75% used [0x00000000a0000000,0x00000000a65f9260,0x00000000a8700000)
 Metaspace       used 90246K, capacity 92583K, committed 92672K, reserved 1130496K
  class space    used 10564K, capacity 11263K, committed 11264K, reserved 1048576K
Event: 662.891 GC heap after
Heap after GC invocations=21 (full 4):
 PSYoungGen      total 389120K, used 39287K [0x00000000e0000000, 0x00000000ff980000, 0x0000000100000000)
  eden space 333824K, 0% used [0x00000000e0000000,0x00000000e0000000,0x00000000f4600000)
  from space 55296K, 71% used [0x00000000f4600000,0x00000000f6c5dd88,0x00000000f7c00000)
  to   space 57856K, 0% used [0x00000000fc100000,0x00000000fc100000,0x00000000ff980000)
 ParOldGen       total 138240K, used 104428K [0x00000000a0000000, 0x00000000a8700000, 0x00000000e0000000)
  object space 138240K, 75% used [0x00000000a0000000,0x00000000a65fb260,0x00000000a8700000)
 Metaspace       used 90246K, capacity 92583K, committed 92672K, reserved 1130496K
  class space    used 10564K, capacity 11263K, committed 11264K, reserved 1048576K
}
Event: 779.561 GC heap before
{Heap before GC invocations=22 (full 4):
 PSYoungGen      total 389120K, used 281121K [0x00000000e0000000, 0x00000000ff980000, 0x0000000100000000)
  eden space 333824K, 72% used [0x00000000e0000000,0x00000000eec2aa68,0x00000000f4600000)
  from space 55296K, 71% used [0x00000000f4600000,0x00000000f6c5dd88,0x00000000f7c00000)
  to   space 57856K, 0% used [0x00000000fc100000,0x00000000fc100000,0x00000000ff980000)
 ParOldGen       total 138240K, used 104428K [0x00000000a0000000, 0x00000000a8700000, 0x00000000e0000000)
  object space 138240K, 75% used [0x00000000a0000000,0x00000000a65fb260,0x00000000a8700000)
 Metaspace       used 95995K, capacity 98521K, committed 98560K, reserved 1136640K
  class space    used 11235K, capacity 12032K, committed 12032K, reserved 1048576K
Event: 779.622 GC heap after
Heap after GC invocations=22 (full 4):
 PSYoungGen      total 423936K, used 52081K [0x00000000e0000000, 0x00000000ff400000, 0x0000000100000000)
  eden space 371712K, 0% used [0x00000000e0000000,0x00000000e0000000,0x00000000f6b00000)
  from space 52224K, 99% used [0x00000000fc100000,0x00000000ff3dc728,0x00000000ff400000)
  to   space 64000K, 0% used [0x00000000f7700000,0x00000000f7700000,0x00000000fb580000)
 ParOldGen       total 138240K, used 104436K [0x00000000a0000000, 0x00000000a8700000, 0x00000000e0000000)
  object space 138240K, 75% used [0x00000000a0000000,0x00000000a65fd260,0x00000000a8700000)
 Metaspace       used 95995K, capacity 98521K, committed 98560K, reserved 1136640K
  class space    used 11235K, capacity 12032K, committed 12032K, reserved 1048576K
}
Event: 779.622 GC heap before
{Heap before GC invocations=23 (full 5):
 PSYoungGen      total 423936K, used 52081K [0x00000000e0000000, 0x00000000ff400000, 0x0000000100000000)
  eden space 371712K, 0% used [0x00000000e0000000,0x00000000e0000000,0x00000000f6b00000)
  from space 52224K, 99% used [0x00000000fc100000,0x00000000ff3dc728,0x00000000ff400000)
  to   space 64000K, 0% used [0x00000000f7700000,0x00000000f7700000,0x00000000fb580000)
 ParOldGen       total 138240K, used 104436K [0x00000000a0000000, 0x00000000a8700000, 0x00000000e0000000)
  object space 138240K, 75% used [0x00000000a0000000,0x00000000a65fd260,0x00000000a8700000)
 Metaspace       used 95995K, capacity 98521K, committed 98560K, reserved 1136640K
  class space    used 11235K, capacity 12032K, committed 12032K, reserved 1048576K
Event: 779.894 GC heap after
Heap after GC invocations=23 (full 5):
 PSYoungGen      total 423936K, used 0K [0x00000000e0000000, 0x00000000ff400000, 0x0000000100000000)
  eden space 371712K, 0% used [0x00000000e0000000,0x00000000e0000000,0x00000000f6b00000)
  from space 52224K, 0% used [0x00000000fc100000,0x00000000fc100000,0x00000000ff400000)
  to   space 64000K, 0% used [0x00000000f7700000,0x00000000f7700000,0x00000000fb580000)
 ParOldGen       total 187392K, used 63238K [0x00000000a0000000, 0x00000000ab700000, 0x00000000e0000000)
  object space 187392K, 33% used [0x00000000a0000000,0x00000000a3dc1820,0x00000000ab700000)
 Metaspace       used 95426K, capacity 97833K, committed 98560K, reserved 1136640K
  class space    used 11143K, capacity 11872K, committed 12032K, reserved 1048576K
}

